I190708 16:45:15.946169 1 util/log/clog.go:1199  [config] file created at: 2019/07/08 16:45:15
I190708 16:45:15.946169 1 util/log/clog.go:1199  [config] running on machine: MacBooks-MacBook-Pro
I190708 16:45:15.946169 1 util/log/clog.go:1199  [config] binary: CockroachDB CCL v19.1.2 (x86_64-apple-darwin18.6.0, built 2019/06/17 20:21:54, go1.12.6)
I190708 16:45:15.946169 1 util/log/clog.go:1199  [config] arguments: [cockroach start --insecure]
I190708 16:45:15.946169 1 util/log/clog.go:1199  line format: [IWEF]yymmdd hh:mm:ss.uuuuuu goid file:line msg utf8=✓
I190708 16:45:15.946160 1 cli/start.go:1033  logging to directory /Users/taufiq/go/modsrc/ovto-server/cockroach-data/logs
W190708 16:45:15.947768 1 cli/start.go:1068  RUNNING IN INSECURE MODE!

- Your cluster is open for any client that can access <all your IP addresses>.
- Any user, even root, can log in without providing a password.
- Any user, connecting as root, can read or write any data in your cluster.
- There is no network encryption nor authentication, and thus no confidentiality.

Check out how to secure your cluster: https://www.cockroachlabs.com/docs/v19.1/secure-a-cluster.html
W190708 16:45:15.948778 1 cli/start.go:944  Using the default setting for --cache (128 MiB).
  A significantly larger value is usually needed for good performance.
  If you have a dedicated server a reasonable setting is --cache=.25 (1.0 GiB).
W190708 16:45:15.948904 1 cli/start.go:957  Using the default setting for --max-sql-memory (128 MiB).
  A significantly larger value is usually needed in production.
  If you have a dedicated server a reasonable setting is --max-sql-memory=.25 (1.0 GiB).
I190708 16:45:15.948954 1 cli/start.go:1082  CockroachDB CCL v19.1.2 (x86_64-apple-darwin18.6.0, built 2019/06/17 20:21:54, go1.12.6)
I190708 16:45:16.060015 1 server/config.go:386  system total memory: 4.0 GiB
I190708 16:45:16.060109 1 server/config.go:388  server configuration:
max offset             500000000
cache size             128 MiB
SQL memory pool size   128 MiB
scan interval          10m0s
scan min idle time     10ms
scan max idle time     1s
event log enabled      true
I190708 16:45:16.060212 1 cli/start.go:929  process identity: uid 501 euid 501 gid 20 egid 20
I190708 16:45:16.060778 1 cli/start.go:554  starting cockroach node
E190708 16:45:21.084701 1 cli/error.go:229  failed to start server: invalid --advertise-addr: lookup MacBooks-MacBook-Pro.local: no such host
Error: failed to start server: invalid --advertise-addr: lookup MacBooks-MacBook-Pro.local: no such host
